Traceback (most recent call last):
  File "train.py", line 249, in <module>
    main()
  File "train.py", line 160, in main
    model = build_network(model_cfg=cfg.MODEL, num_class=len(cfg.CLASS_NAMES), dataset=train_set)
  File "/home/stephen/Documents/3DDet/tools/../pcdet/models/__init__.py", line 17, in build_network
    model = build_detector(
  File "/home/stephen/Documents/3DDet/tools/../pcdet/models/detectors/__init__.py", line 27, in build_detector
    model = __all__[model_cfg.NAME](
  File "/home/stephen/Documents/3DDet/tools/../pcdet/models/detectors/pointpillar.py", line 7, in __init__
    self.module_list = self.build_networks()
  File "/home/stephen/Documents/3DDet/tools/../pcdet/models/detectors/detector3d_template.py", line 46, in build_networks
    module, model_info_dict = getattr(self, 'build_%s' % module_name)(
  File "/home/stephen/Documents/3DDet/tools/../pcdet/models/detectors/detector3d_template.py", line 89, in build_map_to_bev_module
    map_to_bev_module = map_to_bev.__all__[self.model_cfg.MAP_TO_BEV.NAME](
  File "/home/stephen/Documents/3DDet/tools/../pcdet/models/backbones_2d/map_to_bev/pointpillar_scatter.py", line 12, in __init__
    assert self.nz == 1
AssertionError